Building DAG of jobs...
Launch sidecar process and read first output line.
Done reading first output line.
Using shell: /usr/bin/bash
Provided cluster nodes: 1000
Job stats:
job                      count    min threads    max threads
---------------------  -------  -------------  -------------
all                          1              1              1
loom_to_velocyto_h5          2              4              4
velocyto_from_nomulti        2             16             16
total                        5              1             16

Select jobs to execute...

[Mon Apr 25 16:01:14 2022]
rule velocyto_from_nomulti:
    input: /fast/scratch/users/peidlis_c/CovHamster/Impf/exp2_Pool5_nomulti/outs/possorted_genome_bam.bam, /fast/work/projects/bluethgen_landthaler/Cov19_Hamster/Genomes/MesAurJ_rev3_ext_S2/genes/genes.gtf
    output: /fast/scratch/users/peidlis_c/CovHamster/Impf/exp2_Pool5_nomulti/velocyto/exp2_Pool5_nomulti_loom.loom
    log: log/exp2_Pool5_nomulti_velocyto.log
    jobid: 5
    wildcards: i=2, j=5
    threads: 16
    resources: tmpdir=/tmp, mem=256G, time=6-23:00:00

Submitted job 5 with external jobid '1580674'.

[Mon Apr 25 16:01:14 2022]
rule velocyto_from_nomulti:
    input: /fast/scratch/users/peidlis_c/CovHamster/Impf/exp2_Pool2_nomulti/outs/possorted_genome_bam.bam, /fast/work/projects/bluethgen_landthaler/Cov19_Hamster/Genomes/MesAurJ_rev3_ext_S2/genes/genes.gtf
    output: /fast/scratch/users/peidlis_c/CovHamster/Impf/exp2_Pool2_nomulti/velocyto/exp2_Pool2_nomulti_loom.loom
    log: log/exp2_Pool2_nomulti_velocyto.log
    jobid: 2
    wildcards: i=2, j=2
    threads: 16
    resources: tmpdir=/tmp, mem=256G, time=6-23:00:00

Submitted job 2 with external jobid '1580675'.
[Wed Apr 27 10:58:35 2022]
Finished job 5.
1 of 5 steps (20%) done
Select jobs to execute...

[Wed Apr 27 10:58:35 2022]
rule loom_to_velocyto_h5:
    input: /fast/scratch/users/peidlis_c/CovHamster/Impf/exp2_Pool5_nomulti/velocyto/exp2_Pool5_nomulti_loom.loom
    output: /fast/scratch/users/peidlis_c/CovHamster/Impf/exp2_Pool5_nomulti/velocyto/exp2_Pool5_nomulti_loom_velocyto.h5
    jobid: 4
    wildcards: i=/fast/scratch/users/peidlis_c/CovHamster/Impf/exp2_Pool5_nomulti/velocyto/exp2_Pool5_nomulti_loom
    threads: 4
    resources: tmpdir=/tmp, mem=128G, time=01:00:00

Submitted job 4 with external jobid '1611372'.
[Wed Apr 27 11:03:35 2022]
Finished job 4.
2 of 5 steps (40%) done
[Wed Apr 27 11:37:32 2022]
Finished job 2.
3 of 5 steps (60%) done
Select jobs to execute...

[Wed Apr 27 11:37:32 2022]
rule loom_to_velocyto_h5:
    input: /fast/scratch/users/peidlis_c/CovHamster/Impf/exp2_Pool2_nomulti/velocyto/exp2_Pool2_nomulti_loom.loom
    output: /fast/scratch/users/peidlis_c/CovHamster/Impf/exp2_Pool2_nomulti/velocyto/exp2_Pool2_nomulti_loom_velocyto.h5
    jobid: 1
    wildcards: i=/fast/scratch/users/peidlis_c/CovHamster/Impf/exp2_Pool2_nomulti/velocyto/exp2_Pool2_nomulti_loom
    threads: 4
    resources: tmpdir=/tmp, mem=128G, time=01:00:00

Submitted job 1 with external jobid '1613409'.
[Wed Apr 27 11:45:30 2022]
Finished job 1.
4 of 5 steps (80%) done
Select jobs to execute...

[Wed Apr 27 11:45:30 2022]
localrule all:
    input: /fast/scratch/users/peidlis_c/CovHamster/Impf/exp2_Pool2_nomulti/velocyto/exp2_Pool2_nomulti_loom_velocyto.h5, /fast/scratch/users/peidlis_c/CovHamster/Impf/exp2_Pool5_nomulti/velocyto/exp2_Pool5_nomulti_loom_velocyto.h5
    jobid: 0
    resources: tmpdir=/tmp

[Wed Apr 27 11:45:30 2022]
Finished job 0.
5 of 5 steps (100%) done
Cluster sidecar process has terminated (retcode=0).
Complete log: /fast/work/users/peidlis_c/projects/Cov19Hamster/Impfe/snakemake/.snakemake/log/2022-04-25T160112.195017.snakemake.log
